TN:
SF:c:\dev\lemon-mart\src\polyfills.ts
FNF:0
FNH:0
LF:0
LH:0
BRF:0
BRH:0
end_of_record
TN:
SF:c:\dev\lemon-mart\src\test.ts
FNF:0
FNH:0
DA:13,1
DA:18,1
DA:20,1
LF:3
LH:3
BRF:0
BRH:0
end_of_record
TN:
SF:c:\dev\lemon-mart\src\app\app.component.ts
FN:30,(anonymous_0)
FN:33,AppComponent
FNF:2
FNH:2
FNDA:1,(anonymous_0)
FNDA:2,AppComponent
DA:30,1
DA:31,2
DA:34,2
DA:39,1
LF:4
LH:4
BRF:0
BRH:0
end_of_record
TN:
SF:c:\dev\lemon-mart\src\app\material.module.ts
FN:13,(anonymous_0)
FNF:1
FNH:1
FNDA:3,(anonymous_0)
DA:13,1
LF:1
LH:1
BRF:0
BRH:0
end_of_record
TN:
SF:c:\dev\lemon-mart\src\app\common\common.testing.ts
FN:16,(anonymous_0)
FN:17,(anonymous_2)
FN:21,(anonymous_3)
FN:25,(anonymous_4)
FN:34,(anonymous_5)
FN:36,(anonymous_7)
FN:41,(anonymous_8)
FN:45,(anonymous_9)
FN:58,(anonymous_10)
FN:59,(anonymous_12)
FN:62,(anonymous_13)
FNF:11
FNH:5
FNDA:1,(anonymous_0)
FNDA:0,(anonymous_2)
FNDA:0,(anonymous_3)
FNDA:0,(anonymous_4)
FNDA:3,(anonymous_5)
FNDA:2,(anonymous_7)
FNDA:0,(anonymous_8)
FNDA:0,(anonymous_9)
FNDA:3,(anonymous_10)
FNDA:2,(anonymous_12)
FNDA:0,(anonymous_13)
DA:12,1
DA:16,1
DA:17,1
DA:18,0
DA:21,1
DA:22,0
DA:25,1
DA:30,0
DA:32,1
DA:34,1
DA:35,2
DA:36,1
DA:38,2
DA:41,1
DA:42,0
DA:45,1
DA:46,0
DA:47,0
DA:48,0
DA:49,0
DA:50,0
DA:51,0
DA:53,0
DA:56,1
DA:58,1
DA:59,1
DA:60,2
DA:62,1
DA:63,0
DA:65,1
DA:67,1
DA:71,1
LF:32
LH:20
BRDA:41,0,0,0
BRDA:41,0,1,0
BRDA:46,1,0,0
BRDA:46,1,1,0
BRDA:46,2,0,0
BRDA:46,2,1,0
BRDA:47,3,0,0
BRDA:47,3,1,0
BRDA:50,4,0,0
BRDA:50,4,1,0
BRDA:63,5,0,0
BRDA:63,5,1,0
BRF:12
BRH:0
end_of_record
TN:
SF:c:\dev\lemon-mart\src\app\home\home.component.ts
FN:17,(anonymous_0)
FN:19,HomeComponent
FN:21,(anonymous_2)
FNF:3
FNH:3
FNDA:1,(anonymous_0)
FNDA:1,HomeComponent
FNDA:1,(anonymous_2)
DA:17,1
DA:21,1
DA:24,1
LF:3
LH:3
BRF:0
BRH:0
end_of_record
TN:
SF:c:\dev\lemon-mart\src\app\inventory\categories\categories.component.ts
FN:8,(anonymous_0)
FN:10,CategoriesComponent
FN:12,(anonymous_2)
FNF:3
FNH:3
FNDA:1,(anonymous_0)
FNDA:1,CategoriesComponent
FNDA:1,(anonymous_2)
DA:8,1
DA:12,1
DA:15,1
LF:3
LH:3
BRF:0
BRH:0
end_of_record
TN:
SF:c:\dev\lemon-mart\src\app\inventory\inventory-home\inventory-home.component.ts
FN:12,(anonymous_0)
FN:14,InventoryHomeComponent
FN:16,(anonymous_2)
FNF:3
FNH:3
FNDA:1,(anonymous_0)
FNDA:2,InventoryHomeComponent
FNDA:2,(anonymous_2)
DA:12,1
DA:16,1
DA:19,1
LF:3
LH:3
BRF:0
BRH:0
end_of_record
TN:
SF:c:\dev\lemon-mart\src\app\inventory\products\products.component.ts
FN:8,(anonymous_0)
FN:10,ProductsComponent
FN:12,(anonymous_2)
FNF:3
FNH:3
FNDA:1,(anonymous_0)
FNDA:1,ProductsComponent
FNDA:1,(anonymous_2)
DA:8,1
DA:12,1
DA:15,1
LF:3
LH:3
BRF:0
BRH:0
end_of_record
TN:
SF:c:\dev\lemon-mart\src\app\inventory\stock-entry\stock-entry.component.ts
FN:8,(anonymous_0)
FN:10,StockEntryComponent
FN:12,(anonymous_2)
FNF:3
FNH:3
FNDA:1,(anonymous_0)
FNDA:1,StockEntryComponent
FNDA:1,(anonymous_2)
DA:8,1
DA:12,1
DA:15,1
LF:3
LH:3
BRF:0
BRH:0
end_of_record
TN:
SF:c:\dev\lemon-mart\src\app\manager\manager-home\manager-home.component.ts
FN:12,(anonymous_0)
FN:14,ManagerHomeComponent
FN:16,(anonymous_2)
FNF:3
FNH:3
FNDA:1,(anonymous_0)
FNDA:2,ManagerHomeComponent
FNDA:2,(anonymous_2)
DA:12,1
DA:16,1
DA:19,1
LF:3
LH:3
BRF:0
BRH:0
end_of_record
TN:
SF:c:\dev\lemon-mart\src\app\manager\receipt-lookup\receipt-lookup.component.ts
FN:8,(anonymous_0)
FN:10,ReceiptLookupComponent
FN:12,(anonymous_2)
FNF:3
FNH:3
FNDA:1,(anonymous_0)
FNDA:1,ReceiptLookupComponent
FNDA:1,(anonymous_2)
DA:8,1
DA:12,1
DA:15,1
LF:3
LH:3
BRF:0
BRH:0
end_of_record
TN:
SF:c:\dev\lemon-mart\src\app\manager\user-management\user-management.component.ts
FN:8,(anonymous_0)
FN:10,UserManagementComponent
FN:12,(anonymous_2)
FNF:3
FNH:3
FNDA:1,(anonymous_0)
FNDA:1,UserManagementComponent
FNDA:1,(anonymous_2)
DA:8,1
DA:12,1
DA:15,1
LF:3
LH:3
BRF:0
BRH:0
end_of_record
TN:
SF:c:\dev\lemon-mart\src\app\page-not-found\page-not-found.component.ts
FN:12,(anonymous_0)
FN:14,PageNotFoundComponent
FN:16,(anonymous_2)
FNF:3
FNH:3
FNDA:1,(anonymous_0)
FNDA:1,PageNotFoundComponent
FNDA:1,(anonymous_2)
DA:12,1
DA:16,1
DA:19,1
LF:3
LH:3
BRF:0
BRH:0
end_of_record
TN:
SF:c:\dev\lemon-mart\src\app\pos\pos\pos.component.ts
FN:8,(anonymous_0)
FN:10,PosComponent
FN:12,(anonymous_2)
FNF:3
FNH:3
FNDA:1,(anonymous_0)
FNDA:1,PosComponent
FNDA:1,(anonymous_2)
DA:8,1
DA:12,1
DA:15,1
LF:3
LH:3
BRF:0
BRH:0
end_of_record
TN:
SF:c:\dev\lemon-mart\src\app\user\logout\logout.component.ts
FN:12,(anonymous_0)
FN:14,LogoutComponent
FN:16,(anonymous_2)
FNF:3
FNH:3
FNDA:1,(anonymous_0)
FNDA:1,LogoutComponent
FNDA:1,(anonymous_2)
DA:12,1
DA:16,1
DA:19,1
LF:3
LH:3
BRF:0
BRH:0
end_of_record
TN:
SF:c:\dev\lemon-mart\src\app\user\navigation-menu\navigation-menu.component.ts
FN:12,(anonymous_0)
FN:14,NavigationMenuComponent
FN:16,(anonymous_2)
FNF:3
FNH:3
FNDA:1,(anonymous_0)
FNDA:1,NavigationMenuComponent
FNDA:1,(anonymous_2)
DA:12,1
DA:16,1
DA:19,1
LF:3
LH:3
BRF:0
BRH:0
end_of_record
TN:
SF:c:\dev\lemon-mart\src\app\user\profile\profile.component.ts
FN:8,(anonymous_0)
FN:10,ProfileComponent
FN:12,(anonymous_2)
FNF:3
FNH:3
FNDA:1,(anonymous_0)
FNDA:1,ProfileComponent
FNDA:1,(anonymous_2)
DA:8,1
DA:12,1
DA:15,1
LF:3
LH:3
BRF:0
BRH:0
end_of_record
